<?xml version="1.0" encoding="UTF-8"?>
<!-- Generated by org.testng.reporters.JUnitXMLReporter -->
<testsuite ignored="3" hostname="Dharanidhar-PC" failures="0" tests="2" name="Test" time="16.412" errors="0" timestamp="2025-07-06T15:29:47 IST">
  <testcase classname="Order.test.StandAloneTest" name="SubmitOrderTest" time="4.829"/>
  <testcase classname="Order.test.StandAloneTest" name="SubmitOrderTest" time="4.851"/>
  <testcase classname="Order.test.StandAloneTest" name="OrderHistoryTest" time="0.0">
    <ignored/>
  </testcase> <!-- OrderHistoryTest -->
  <testcase classname="Order.test.ErrorValidationTest" name="ErrorValidationtest" time="0.0">
    <ignored/>
  </testcase> <!-- ErrorValidationtest -->
  <testcase classname="Order.test.ErrorValidationTest" name="ItemErrorMsg" time="0.0">
    <ignored/>
  </testcase> <!-- ItemErrorMsg -->
</testsuite> <!-- Test -->
