<?xml version="1.0" encoding="UTF-8"?>
<!-- Generated by org.testng.reporters.JUnitXMLReporter -->
<testsuite ignored="3" hostname="Dharanidhar-PC" failures="0" tests="2" name="Test" time="0.177" errors="0" timestamp="2025-07-06T15:23:30 IST">
  <testcase classname="Order.TestComponents.BaseTest" name="@BeforeMethod InitinilizeDriver" time="0.0">
    <failure type="java.lang.NullPointerException" message="Cannot invoke &amp;quot;org.openqa.selenium.WebDriver.manage()&amp;quot; because &amp;quot;this.driver&amp;quot; is null">
      <![CDATA[java.lang.NullPointerException: Cannot invoke "org.openqa.selenium.WebDriver.manage()" because "this.driver" is null
at Order.TestComponents.BaseTest.LaunchDriver(BaseTest.java:64)
at Order.TestComponents.BaseTest.InitinilizeDriver(BaseTest.java:88)
at java.base/java.util.ArrayList.forEach(ArrayList.java:1596)
... Removed 33 stack frames]]>
    </failure>
  </testcase> <!-- @BeforeMethod InitinilizeDriver -->
  <testcase classname="Order.TestComponents.BaseTest" name="@AfterMethod Quit" time="0.0">
    <failure type="java.lang.NullPointerException" message="Cannot invoke &amp;quot;org.openqa.selenium.WebDriver.close()&amp;quot; because &amp;quot;this.driver&amp;quot; is null">
      <![CDATA[java.lang.NullPointerException: Cannot invoke "org.openqa.selenium.WebDriver.close()" because "this.driver" is null
at Order.TestComponents.BaseTest.Quit(BaseTest.java:96)
at java.base/java.util.ArrayList.forEach(ArrayList.java:1596)
... Removed 34 stack frames]]>
    </failure>
  </testcase> <!-- @AfterMethod Quit -->
  <testcase classname="Order.TestComponents.BaseTest" name="@BeforeMethod InitinilizeDriver" time="0.0">
    <failure type="java.lang.NullPointerException" message="Cannot invoke &amp;quot;org.openqa.selenium.WebDriver.manage()&amp;quot; because &amp;quot;this.driver&amp;quot; is null">
      <![CDATA[java.lang.NullPointerException: Cannot invoke "org.openqa.selenium.WebDriver.manage()" because "this.driver" is null
at Order.TestComponents.BaseTest.LaunchDriver(BaseTest.java:64)
at Order.TestComponents.BaseTest.InitinilizeDriver(BaseTest.java:88)
at java.base/java.util.ArrayList.forEach(ArrayList.java:1596)
... Removed 33 stack frames]]>
    </failure>
  </testcase> <!-- @BeforeMethod InitinilizeDriver -->
  <testcase classname="Order.TestComponents.BaseTest" name="@AfterMethod Quit" time="0.0">
    <failure type="java.lang.NullPointerException" message="Cannot invoke &amp;quot;org.openqa.selenium.WebDriver.close()&amp;quot; because &amp;quot;this.driver&amp;quot; is null">
      <![CDATA[java.lang.NullPointerException: Cannot invoke "org.openqa.selenium.WebDriver.close()" because "this.driver" is null
at Order.TestComponents.BaseTest.Quit(BaseTest.java:96)
at java.base/java.util.ArrayList.forEach(ArrayList.java:1596)
... Removed 34 stack frames]]>
    </failure>
  </testcase> <!-- @AfterMethod Quit -->
  <testcase classname="Order.test.StandAloneTest" name="SubmitOrderTest" time="0.0">
    <skipped/>
  </testcase> <!-- SubmitOrderTest -->
  <testcase classname="Order.test.StandAloneTest" name="SubmitOrderTest" time="0.0">
    <skipped/>
  </testcase> <!-- SubmitOrderTest -->
  <testcase classname="Order.test.StandAloneTest" name="OrderHistoryTest" time="0.0">
    <ignored/>
  </testcase> <!-- OrderHistoryTest -->
  <testcase classname="Order.test.ErrorValidationTest" name="ItemErrorMsg" time="0.0">
    <ignored/>
  </testcase> <!-- ItemErrorMsg -->
  <testcase classname="Order.test.ErrorValidationTest" name="ErrorValidationtest" time="0.0">
    <ignored/>
  </testcase> <!-- ErrorValidationtest -->
</testsuite> <!-- Test -->
